<?xml version="1.0" encoding="UTF-8"?>
<testsuite name="edu.ncsu.csc326.coffeemaker.RecipeTest" tests="25" skipped="0" failures="0" errors="0" timestamp="2025-11-07T17:31:43Z" hostname="DESKTOP-U17K2MA" time="0.07">
  <properties/>
  <testcase name="testEqualsBothNamesNull" classname="edu.ncsu.csc326.coffeemaker.RecipeTest" time="0.0"/>
  <testcase name="testEqualsNameNullOtherNotNull" classname="edu.ncsu.csc326.coffeemaker.RecipeTest" time="0.0"/>
  <testcase name="testToString" classname="edu.ncsu.csc326.coffeemaker.RecipeTest" time="0.0"/>
  <testcase name="testHashCodeSameName" classname="edu.ncsu.csc326.coffeemaker.RecipeTest" time="0.0"/>
  <testcase name="testSetNameNullDoesNotChange" classname="edu.ncsu.csc326.coffeemaker.RecipeTest" time="0.0"/>
  <testcase name="testHashCodeDifferentName" classname="edu.ncsu.csc326.coffeemaker.RecipeTest" time="0.0"/>
  <testcase name="testEqualsAfterSetSameName" classname="edu.ncsu.csc326.coffeemaker.RecipeTest" time="0.0"/>
  <testcase name="testEqualsDifferentClass" classname="edu.ncsu.csc326.coffeemaker.RecipeTest" time="0.001"/>
  <testcase name="testHashCodeNullName" classname="edu.ncsu.csc326.coffeemaker.RecipeTest" time="0.0"/>
  <testcase name="testEqualsDifferentNames" classname="edu.ncsu.csc326.coffeemaker.RecipeTest" time="0.0"/>
  <testcase name="testEqualsDifferentObject" classname="edu.ncsu.csc326.coffeemaker.RecipeTest" time="0.0"/>
  <testcase name="testEqualsNull" classname="edu.ncsu.csc326.coffeemaker.RecipeTest" time="0.002"/>
  <testcase name="testSetAmtSugar" classname="edu.ncsu.csc326.coffeemaker.RecipeTest" time="0.001"/>
  <testcase name="testGetNameNotNull" classname="edu.ncsu.csc326.coffeemaker.RecipeTest" time="0.0"/>
  <testcase name="testSetPriceZero" classname="edu.ncsu.csc326.coffeemaker.RecipeTest" time="0.0"/>
  <testcase name="testSetPriceNegative" classname="edu.ncsu.csc326.coffeemaker.RecipeTest" time="0.005"/>
  <testcase name="testEqualsSameObject" classname="edu.ncsu.csc326.coffeemaker.RecipeTest" time="0.002"/>
  <testcase name="testSetAmtChocolate" classname="edu.ncsu.csc326.coffeemaker.RecipeTest" time="0.014"/>
  <testcase name="testSetPriceValid" classname="edu.ncsu.csc326.coffeemaker.RecipeTest" time="0.001"/>
  <testcase name="testEqualsSameNames" classname="edu.ncsu.csc326.coffeemaker.RecipeTest" time="0.001"/>
  <testcase name="testSetAmtMilk" classname="edu.ncsu.csc326.coffeemaker.RecipeTest" time="0.001"/>
  <testcase name="testEqualsThisNameNullOtherNameNotNull" classname="edu.ncsu.csc326.coffeemaker.RecipeTest" time="0.001"/>
  <testcase name="testSetPriceNonNumeric" classname="edu.ncsu.csc326.coffeemaker.RecipeTest" time="0.003"/>
  <testcase name="testEqualsOneNameNull" classname="edu.ncsu.csc326.coffeemaker.RecipeTest" time="0.002"/>
  <testcase name="testSetAmtCoffee" classname="edu.ncsu.csc326.coffeemaker.RecipeTest" time="0.004"/>
  <system-out><![CDATA[]]></system-out>
  <system-err><![CDATA[]]></system-err>
</testsuite>
